<?xml version="1.0" encoding="UTF-8"?>
<testng-results ignored="0" total="1" passed="1" failed="0" skipped="0">
  <reporter-output>
  </reporter-output>
  <suite started-at="2022-04-25T01:51:03Z" name="Default suite" finished-at="2022-04-25T01:51:13Z" duration-ms="9584">
    <groups>
    </groups>
    <test started-at="2022-04-25T01:51:03Z" name="Default test" finished-at="2022-04-25T01:51:13Z" duration-ms="9584">
      <class name="mainTestNG.TestNGSeleniumReview">
        <test-method is-config="true" signature="beforeClass()[pri:0, instance:mainTestNG.TestNGSeleniumReview@65b104b9]" started-at="2022-04-25T01:51:03Z" name="beforeClass" finished-at="2022-04-25T01:51:05Z" duration-ms="1411" status="PASS">
          <reporter-output>
          </reporter-output>
        </test-method> <!-- beforeClass -->
        <test-method is-config="true" signature="beforeMethod()[pri:0, instance:mainTestNG.TestNGSeleniumReview@65b104b9]" started-at="2022-04-25T01:51:05Z" name="beforeMethod" finished-at="2022-04-25T01:51:11Z" duration-ms="6342" status="PASS">
          <reporter-output>
          </reporter-output>
        </test-method> <!-- beforeMethod -->
        <test-method signature="f()[pri:0, instance:mainTestNG.TestNGSeleniumReview@65b104b9]" started-at="2022-04-25T01:51:11Z" name="f" finished-at="2022-04-25T01:51:13Z" duration-ms="1653" status="PASS">
          <reporter-output>
          </reporter-output>
        </test-method> <!-- f -->
        <test-method is-config="true" signature="afterMethod()[pri:0, instance:mainTestNG.TestNGSeleniumReview@65b104b9]" started-at="2022-04-25T01:51:13Z" name="afterMethod" finished-at="2022-04-25T01:51:13Z" duration-ms="89" status="PASS">
          <reporter-output>
          </reporter-output>
        </test-method> <!-- afterMethod -->
        <test-method is-config="true" signature="afterClass()[pri:0, instance:mainTestNG.TestNGSeleniumReview@65b104b9]" started-at="2022-04-25T01:51:13Z" name="afterClass" finished-at="2022-04-25T01:51:13Z" duration-ms="76" status="PASS">
          <reporter-output>
          </reporter-output>
        </test-method> <!-- afterClass -->
      </class> <!-- mainTestNG.TestNGSeleniumReview -->
    </test> <!-- Default test -->
  </suite> <!-- Default suite -->
</testng-results>
